2025-11-29 11:59:30 INFO  c.e.realestate.RealEstateApplication - Starting RealEstateApplication using Java 21.0.2 with PID 13988 (C:\Users\asadb\OldiSotdi\OldiSotdi\build\classes\java\main started by asadb in C:\Users\asadb\OldiSotdi\OldiSotdi)
2025-11-29 11:59:30 INFO  c.e.realestate.RealEstateApplication - No active profile set, falling back to 1 default profile: "default"
2025-11-29 11:59:31 INFO  o.h.validator.internal.util.Version - HV000001: Hibernate Validator 9.0.1.Final
2025-11-29 11:59:32 INFO  o.s.d.r.c.RepositoryConfigurationDelegate - Bootstrapping Spring Data JPA repositories in DEFAULT mode.
2025-11-29 11:59:32 INFO  o.s.d.r.c.RepositoryConfigurationDelegate - Finished Spring Data repository scanning in 21 ms. Found 0 JPA repository interfaces.
2025-11-29 11:59:33 INFO  o.s.boot.tomcat.TomcatWebServer - Tomcat initialized with port 8080 (http)
2025-11-29 11:59:33 INFO  o.a.coyote.http11.Http11NioProtocol - Initializing ProtocolHandler ["http-nio-8080"]
2025-11-29 11:59:33 INFO  o.a.catalina.core.StandardService - Starting service [Tomcat]
2025-11-29 11:59:33 INFO  o.a.catalina.core.StandardEngine - Starting Servlet engine: [Apache Tomcat/11.0.14]
2025-11-29 11:59:33 INFO  o.s.b.w.c.s.WebApplicationContextInitializer - Root WebApplicationContext: initialization completed in 2593 ms
2025-11-29 11:59:33 WARN  o.s.b.w.s.s.c.AnnotationConfigServletWebServerApplicationContext - Exception encountered during context initialization - cancelling refresh attempt: org.springframework.beans.factory.BeanCreationException: Error creating bean with name 'entityManagerFactory' defined in class path resource [org/springframework/boot/hibernate/autoconfigure/HibernateJpaConfiguration.class]: Failed to initialize dependency 'dataSourceScriptDatabaseInitializer' of LoadTimeWeaverAware bean 'entityManagerFactory': Error creating bean with name 'dataSourceScriptDatabaseInitializer' defined in class path resource [org/springframework/boot/jdbc/autoconfigure/DataSourceInitializationAutoConfiguration.class]: Unsatisfied dependency expressed through method 'dataSourceScriptDatabaseInitializer' parameter 0: Error creating bean with name 'dataSource' defined in class path resource [org/springframework/boot/jdbc/autoconfigure/DataSourceConfiguration$Hikari.class]: Failed to instantiate [com.zaxxer.hikari.HikariDataSource]: Factory method 'dataSource' threw exception with message: Failed to determine a suitable driver class
2025-11-29 11:59:33 INFO  o.a.catalina.core.StandardService - Stopping service [Tomcat]
2025-11-29 11:59:33 INFO  o.s.b.a.l.ConditionEvaluationReportLogger - 

Error starting ApplicationContext. To display the condition evaluation report re-run your application with 'debug' enabled.
2025-11-29 11:59:33 ERROR o.s.b.d.LoggingFailureAnalysisReporter - 

***************************
APPLICATION FAILED TO START
***************************

Description:

Failed to configure a DataSource: 'url' attribute is not specified and no embedded datasource could be configured.

Reason: Failed to determine a suitable driver class


Action:

Consider the following:
	If you want an embedded database (H2, HSQL or Derby), please put it on the classpath.
	If you have database settings to be loaded from a particular profile you may need to activate it (no profiles are currently active).

2025-11-29 12:00:48 INFO  c.e.realestate.RealEstateApplication - Starting RealEstateApplication using Java 21.0.2 with PID 5676 (C:\Users\asadb\OldiSotdi\OldiSotdi\build\classes\java\main started by asadb in C:\Users\asadb\OldiSotdi\OldiSotdi)
2025-11-29 12:00:48 INFO  c.e.realestate.RealEstateApplication - No active profile set, falling back to 1 default profile: "default"
2025-11-29 12:00:48 INFO  o.h.validator.internal.util.Version - HV000001: Hibernate Validator 9.0.1.Final
2025-11-29 12:00:49 INFO  o.s.d.r.c.RepositoryConfigurationDelegate - Bootstrapping Spring Data JPA repositories in DEFAULT mode.
2025-11-29 12:00:49 INFO  o.s.d.r.c.RepositoryConfigurationDelegate - Finished Spring Data repository scanning in 21 ms. Found 0 JPA repository interfaces.
2025-11-29 12:00:50 INFO  o.s.boot.tomcat.TomcatWebServer - Tomcat initialized with port 8080 (http)
2025-11-29 12:00:50 INFO  o.a.coyote.http11.Http11NioProtocol - Initializing ProtocolHandler ["http-nio-8080"]
2025-11-29 12:00:50 INFO  o.a.catalina.core.StandardService - Starting service [Tomcat]
2025-11-29 12:00:50 INFO  o.a.catalina.core.StandardEngine - Starting Servlet engine: [Apache Tomcat/11.0.14]
2025-11-29 12:00:50 INFO  o.s.b.w.c.s.WebApplicationContextInitializer - Root WebApplicationContext: initialization completed in 2590 ms
2025-11-29 12:00:51 WARN  o.s.b.w.s.s.c.AnnotationConfigServletWebServerApplicationContext - Exception encountered during context initialization - cancelling refresh attempt: org.springframework.beans.factory.BeanCreationException: Error creating bean with name 'entityManagerFactory' defined in class path resource [org/springframework/boot/hibernate/autoconfigure/HibernateJpaConfiguration.class]: Failed to initialize dependency 'dataSourceScriptDatabaseInitializer' of LoadTimeWeaverAware bean 'entityManagerFactory': Error creating bean with name 'dataSourceScriptDatabaseInitializer' defined in class path resource [org/springframework/boot/jdbc/autoconfigure/DataSourceInitializationAutoConfiguration.class]: Unsatisfied dependency expressed through method 'dataSourceScriptDatabaseInitializer' parameter 0: Error creating bean with name 'dataSource' defined in class path resource [org/springframework/boot/jdbc/autoconfigure/DataSourceConfiguration$Hikari.class]: Failed to instantiate [com.zaxxer.hikari.HikariDataSource]: Factory method 'dataSource' threw exception with message: Failed to determine a suitable driver class
2025-11-29 12:00:51 INFO  o.a.catalina.core.StandardService - Stopping service [Tomcat]
2025-11-29 12:00:51 INFO  o.s.b.a.l.ConditionEvaluationReportLogger - 

Error starting ApplicationContext. To display the condition evaluation report re-run your application with 'debug' enabled.
2025-11-29 12:00:51 ERROR o.s.b.d.LoggingFailureAnalysisReporter - 

***************************
APPLICATION FAILED TO START
***************************

Description:

Failed to configure a DataSource: 'url' attribute is not specified and no embedded datasource could be configured.

Reason: Failed to determine a suitable driver class


Action:

Consider the following:
	If you want an embedded database (H2, HSQL or Derby), please put it on the classpath.
	If you have database settings to be loaded from a particular profile you may need to activate it (no profiles are currently active).

2025-11-29 12:24:10 INFO  c.e.realestate.RealEstateApplication - Starting RealEstateApplication using Java 21.0.2 with PID 11464 (C:\Users\asadb\OldiSotdi\OldiSotdi\build\classes\java\main started by asadb in C:\Users\asadb\OldiSotdi\OldiSotdi)
2025-11-29 12:24:10 INFO  c.e.realestate.RealEstateApplication - No active profile set, falling back to 1 default profile: "default"
2025-11-29 12:24:10 INFO  o.h.validator.internal.util.Version - HV000001: Hibernate Validator 9.0.1.Final
2025-11-29 12:24:12 INFO  o.s.d.r.c.RepositoryConfigurationDelegate - Bootstrapping Spring Data JPA repositories in DEFAULT mode.
2025-11-29 12:24:12 INFO  o.s.d.r.c.RepositoryConfigurationDelegate - Finished Spring Data repository scanning in 26 ms. Found 0 JPA repository interfaces.
2025-11-29 12:24:13 INFO  o.s.boot.tomcat.TomcatWebServer - Tomcat initialized with port 8080 (http)
2025-11-29 12:24:13 INFO  o.a.coyote.http11.Http11NioProtocol - Initializing ProtocolHandler ["http-nio-8080"]
2025-11-29 12:24:13 INFO  o.a.catalina.core.StandardService - Starting service [Tomcat]
2025-11-29 12:24:13 INFO  o.a.catalina.core.StandardEngine - Starting Servlet engine: [Apache Tomcat/11.0.14]
2025-11-29 12:24:13 INFO  o.s.b.w.c.s.WebApplicationContextInitializer - Root WebApplicationContext: initialization completed in 2839 ms
2025-11-29 12:24:13 WARN  o.s.b.w.s.s.c.AnnotationConfigServletWebServerApplicationContext - Exception encountered during context initialization - cancelling refresh attempt: org.springframework.beans.factory.BeanCreationException: Error creating bean with name 'entityManagerFactory' defined in class path resource [org/springframework/boot/hibernate/autoconfigure/HibernateJpaConfiguration.class]: Failed to initialize dependency 'dataSourceScriptDatabaseInitializer' of LoadTimeWeaverAware bean 'entityManagerFactory': Error creating bean with name 'dataSourceScriptDatabaseInitializer' defined in class path resource [org/springframework/boot/jdbc/autoconfigure/DataSourceInitializationAutoConfiguration.class]: Unsatisfied dependency expressed through method 'dataSourceScriptDatabaseInitializer' parameter 0: Error creating bean with name 'dataSource' defined in class path resource [org/springframework/boot/jdbc/autoconfigure/DataSourceConfiguration$Hikari.class]: Failed to instantiate [com.zaxxer.hikari.HikariDataSource]: Factory method 'dataSource' threw exception with message: Failed to determine a suitable driver class
2025-11-29 12:24:13 INFO  o.a.catalina.core.StandardService - Stopping service [Tomcat]
2025-11-29 12:24:13 INFO  o.s.b.a.l.ConditionEvaluationReportLogger - 

Error starting ApplicationContext. To display the condition evaluation report re-run your application with 'debug' enabled.
2025-11-29 12:24:13 ERROR o.s.b.d.LoggingFailureAnalysisReporter - 

***************************
APPLICATION FAILED TO START
***************************

Description:

Failed to configure a DataSource: 'url' attribute is not specified and no embedded datasource could be configured.

Reason: Failed to determine a suitable driver class


Action:

Consider the following:
	If you want an embedded database (H2, HSQL or Derby), please put it on the classpath.
	If you have database settings to be loaded from a particular profile you may need to activate it (no profiles are currently active).

2025-11-29 12:25:51 INFO  c.e.realestate.RealEstateApplication - Starting RealEstateApplication using Java 21.0.2 with PID 9148 (C:\Users\asadb\OldiSotdi\OldiSotdi\build\classes\java\main started by asadb in C:\Users\asadb\OldiSotdi\OldiSotdi)
2025-11-29 12:25:51 INFO  c.e.realestate.RealEstateApplication - No active profile set, falling back to 1 default profile: "default"
2025-11-29 12:25:52 INFO  o.h.validator.internal.util.Version - HV000001: Hibernate Validator 9.0.1.Final
2025-11-29 12:25:53 INFO  o.s.d.r.c.RepositoryConfigurationDelegate - Bootstrapping Spring Data JPA repositories in DEFAULT mode.
2025-11-29 12:25:53 INFO  o.s.d.r.c.RepositoryConfigurationDelegate - Finished Spring Data repository scanning in 23 ms. Found 0 JPA repository interfaces.
2025-11-29 12:25:54 INFO  o.s.boot.tomcat.TomcatWebServer - Tomcat initialized with port 8080 (http)
2025-11-29 12:25:54 INFO  o.a.coyote.http11.Http11NioProtocol - Initializing ProtocolHandler ["http-nio-8080"]
2025-11-29 12:25:54 INFO  o.a.catalina.core.StandardService - Starting service [Tomcat]
2025-11-29 12:25:54 INFO  o.a.catalina.core.StandardEngine - Starting Servlet engine: [Apache Tomcat/11.0.14]
2025-11-29 12:25:54 INFO  o.s.b.w.c.s.WebApplicationContextInitializer - Root WebApplicationContext: initialization completed in 2674 ms
2025-11-29 12:25:55 WARN  o.s.b.w.s.s.c.AnnotationConfigServletWebServerApplicationContext - Exception encountered during context initialization - cancelling refresh attempt: org.springframework.beans.factory.BeanCreationException: Error creating bean with name 'entityManagerFactory' defined in class path resource [org/springframework/boot/hibernate/autoconfigure/HibernateJpaConfiguration.class]: Failed to initialize dependency 'dataSourceScriptDatabaseInitializer' of LoadTimeWeaverAware bean 'entityManagerFactory': Error creating bean with name 'dataSourceScriptDatabaseInitializer' defined in class path resource [org/springframework/boot/jdbc/autoconfigure/DataSourceInitializationAutoConfiguration.class]: Unsatisfied dependency expressed through method 'dataSourceScriptDatabaseInitializer' parameter 0: Error creating bean with name 'dataSource' defined in class path resource [org/springframework/boot/jdbc/autoconfigure/DataSourceConfiguration$Hikari.class]: Failed to instantiate [com.zaxxer.hikari.HikariDataSource]: Factory method 'dataSource' threw exception with message: Failed to determine a suitable driver class
2025-11-29 12:25:55 INFO  o.a.catalina.core.StandardService - Stopping service [Tomcat]
2025-11-29 12:25:55 INFO  o.s.b.a.l.ConditionEvaluationReportLogger - 

Error starting ApplicationContext. To display the condition evaluation report re-run your application with 'debug' enabled.
2025-11-29 12:25:55 ERROR o.s.b.d.LoggingFailureAnalysisReporter - 

***************************
APPLICATION FAILED TO START
***************************

Description:

Failed to configure a DataSource: 'url' attribute is not specified and no embedded datasource could be configured.

Reason: Failed to determine a suitable driver class


Action:

Consider the following:
	If you want an embedded database (H2, HSQL or Derby), please put it on the classpath.
	If you have database settings to be loaded from a particular profile you may need to activate it (no profiles are currently active).

2025-11-29 12:26:28 INFO  c.e.realestate.RealEstateApplication - Starting RealEstateApplication using Java 21.0.2 with PID 17724 (C:\Users\asadb\OldiSotdi\OldiSotdi\build\classes\java\main started by asadb in C:\Users\asadb\OldiSotdi\OldiSotdi)
2025-11-29 12:26:28 INFO  c.e.realestate.RealEstateApplication - No active profile set, falling back to 1 default profile: "default"
2025-11-29 12:26:28 INFO  o.h.validator.internal.util.Version - HV000001: Hibernate Validator 9.0.1.Final
2025-11-29 12:26:30 INFO  o.s.d.r.c.RepositoryConfigurationDelegate - Bootstrapping Spring Data JPA repositories in DEFAULT mode.
2025-11-29 12:26:30 INFO  o.s.d.r.c.RepositoryConfigurationDelegate - Finished Spring Data repository scanning in 24 ms. Found 0 JPA repository interfaces.
2025-11-29 12:26:31 INFO  o.s.boot.tomcat.TomcatWebServer - Tomcat initialized with port 8080 (http)
2025-11-29 12:26:31 INFO  o.a.coyote.http11.Http11NioProtocol - Initializing ProtocolHandler ["http-nio-8080"]
2025-11-29 12:26:31 INFO  o.a.catalina.core.StandardService - Starting service [Tomcat]
2025-11-29 12:26:31 INFO  o.a.catalina.core.StandardEngine - Starting Servlet engine: [Apache Tomcat/11.0.14]
2025-11-29 12:26:31 INFO  o.s.b.w.c.s.WebApplicationContextInitializer - Root WebApplicationContext: initialization completed in 2666 ms
2025-11-29 12:26:31 WARN  o.s.b.w.s.s.c.AnnotationConfigServletWebServerApplicationContext - Exception encountered during context initialization - cancelling refresh attempt: org.springframework.beans.factory.BeanCreationException: Error creating bean with name 'entityManagerFactory' defined in class path resource [org/springframework/boot/hibernate/autoconfigure/HibernateJpaConfiguration.class]: Failed to initialize dependency 'dataSourceScriptDatabaseInitializer' of LoadTimeWeaverAware bean 'entityManagerFactory': Error creating bean with name 'dataSourceScriptDatabaseInitializer' defined in class path resource [org/springframework/boot/jdbc/autoconfigure/DataSourceInitializationAutoConfiguration.class]: Unsatisfied dependency expressed through method 'dataSourceScriptDatabaseInitializer' parameter 0: Error creating bean with name 'dataSource' defined in class path resource [org/springframework/boot/jdbc/autoconfigure/DataSourceConfiguration$Hikari.class]: Failed to instantiate [com.zaxxer.hikari.HikariDataSource]: Factory method 'dataSource' threw exception with message: Failed to determine a suitable driver class
2025-11-29 12:26:31 INFO  o.a.catalina.core.StandardService - Stopping service [Tomcat]
2025-11-29 12:26:31 INFO  o.s.b.a.l.ConditionEvaluationReportLogger - 

Error starting ApplicationContext. To display the condition evaluation report re-run your application with 'debug' enabled.
2025-11-29 12:26:31 ERROR o.s.b.d.LoggingFailureAnalysisReporter - 

***************************
APPLICATION FAILED TO START
***************************

Description:

Failed to configure a DataSource: 'url' attribute is not specified and no embedded datasource could be configured.

Reason: Failed to determine a suitable driver class


Action:

Consider the following:
	If you want an embedded database (H2, HSQL or Derby), please put it on the classpath.
	If you have database settings to be loaded from a particular profile you may need to activate it (no profiles are currently active).

2025-11-29 12:34:39 INFO  c.e.realestate.RealEstateApplication - Starting RealEstateApplication using Java 21.0.2 with PID 10000 (C:\Users\asadb\OldiSotdi\OldiSotdi\build\classes\java\main started by asadb in C:\Users\asadb\OldiSotdi\OldiSotdi)
2025-11-29 12:34:39 INFO  c.e.realestate.RealEstateApplication - No active profile set, falling back to 1 default profile: "default"
2025-11-29 12:34:39 INFO  o.h.validator.internal.util.Version - HV000001: Hibernate Validator 9.0.1.Final
2025-11-29 12:34:41 INFO  o.s.d.r.c.RepositoryConfigurationDelegate - Bootstrapping Spring Data JPA repositories in DEFAULT mode.
2025-11-29 12:34:41 INFO  o.s.d.r.c.RepositoryConfigurationDelegate - Finished Spring Data repository scanning in 25 ms. Found 0 JPA repository interfaces.
2025-11-29 12:34:42 INFO  o.s.boot.tomcat.TomcatWebServer - Tomcat initialized with port 8080 (http)
2025-11-29 12:34:42 INFO  o.a.coyote.http11.Http11NioProtocol - Initializing ProtocolHandler ["http-nio-8080"]
2025-11-29 12:34:42 INFO  o.a.catalina.core.StandardService - Starting service [Tomcat]
2025-11-29 12:34:42 INFO  o.a.catalina.core.StandardEngine - Starting Servlet engine: [Apache Tomcat/11.0.14]
2025-11-29 12:34:42 INFO  o.s.b.w.c.s.WebApplicationContextInitializer - Root WebApplicationContext: initialization completed in 2879 ms
2025-11-29 12:34:42 WARN  o.s.b.w.s.s.c.AnnotationConfigServletWebServerApplicationContext - Exception encountered during context initialization - cancelling refresh attempt: org.springframework.beans.factory.BeanCreationException: Error creating bean with name 'entityManagerFactory' defined in class path resource [org/springframework/boot/hibernate/autoconfigure/HibernateJpaConfiguration.class]: Failed to initialize dependency 'dataSourceScriptDatabaseInitializer' of LoadTimeWeaverAware bean 'entityManagerFactory': Error creating bean with name 'dataSourceScriptDatabaseInitializer' defined in class path resource [org/springframework/boot/jdbc/autoconfigure/DataSourceInitializationAutoConfiguration.class]: Unsatisfied dependency expressed through method 'dataSourceScriptDatabaseInitializer' parameter 0: Error creating bean with name 'dataSource' defined in class path resource [org/springframework/boot/jdbc/autoconfigure/DataSourceConfiguration$Hikari.class]: Failed to instantiate [com.zaxxer.hikari.HikariDataSource]: Factory method 'dataSource' threw exception with message: Failed to determine a suitable driver class
2025-11-29 12:34:42 INFO  o.a.catalina.core.StandardService - Stopping service [Tomcat]
2025-11-29 12:34:42 INFO  o.s.b.a.l.ConditionEvaluationReportLogger - 

Error starting ApplicationContext. To display the condition evaluation report re-run your application with 'debug' enabled.
2025-11-29 12:34:42 ERROR o.s.b.d.LoggingFailureAnalysisReporter - 

***************************
APPLICATION FAILED TO START
***************************

Description:

Failed to configure a DataSource: 'url' attribute is not specified and no embedded datasource could be configured.

Reason: Failed to determine a suitable driver class


Action:

Consider the following:
	If you want an embedded database (H2, HSQL or Derby), please put it on the classpath.
	If you have database settings to be loaded from a particular profile you may need to activate it (no profiles are currently active).

2025-11-29 12:39:15 INFO  c.e.realestate.RealEstateApplication - Starting RealEstateApplication using Java 21.0.2 with PID 6828 (C:\Users\asadb\OldiSotdi\OldiSotdi\build\classes\java\main started by asadb in C:\Users\asadb\OldiSotdi\OldiSotdi)
2025-11-29 12:39:16 INFO  c.e.realestate.RealEstateApplication - No active profile set, falling back to 1 default profile: "default"
2025-11-29 12:39:16 INFO  o.h.validator.internal.util.Version - HV000001: Hibernate Validator 9.0.1.Final
2025-11-29 12:39:17 INFO  o.s.d.r.c.RepositoryConfigurationDelegate - Bootstrapping Spring Data JPA repositories in DEFAULT mode.
2025-11-29 12:39:17 INFO  o.s.d.r.c.RepositoryConfigurationDelegate - Finished Spring Data repository scanning in 23 ms. Found 0 JPA repository interfaces.
2025-11-29 12:39:18 INFO  o.s.boot.tomcat.TomcatWebServer - Tomcat initialized with port 8080 (http)
2025-11-29 12:39:18 INFO  o.a.coyote.http11.Http11NioProtocol - Initializing ProtocolHandler ["http-nio-8080"]
2025-11-29 12:39:18 INFO  o.a.catalina.core.StandardService - Starting service [Tomcat]
2025-11-29 12:39:18 INFO  o.a.catalina.core.StandardEngine - Starting Servlet engine: [Apache Tomcat/11.0.14]
2025-11-29 12:39:18 INFO  o.s.b.w.c.s.WebApplicationContextInitializer - Root WebApplicationContext: initialization completed in 2591 ms
2025-11-29 12:39:19 INFO  o.h.jpa.internal.util.LogHelper - HHH000204: Processing PersistenceUnitInfo [name: default]
2025-11-29 12:39:19 INFO  org.hibernate.Version - HHH000412: Hibernate ORM core version 7.1.8.Final
2025-11-29 12:39:20 INFO  o.s.o.j.p.SpringPersistenceUnitInfo - No LoadTimeWeaver setup: ignoring JPA class transformer
2025-11-29 12:39:20 INFO  com.zaxxer.hikari.HikariDataSource - HikariPool-1 - Starting...
2025-11-29 12:39:21 INFO  com.zaxxer.hikari.pool.HikariPool - HikariPool-1 - Added connection org.postgresql.jdbc.PgConnection@71d0b8a4
2025-11-29 12:39:21 INFO  com.zaxxer.hikari.HikariDataSource - HikariPool-1 - Start completed.
2025-11-29 12:39:21 WARN  org.hibernate.orm.deprecation - HHH90000025: PostgreSQLDialect does not need to be specified explicitly using 'hibernate.dialect' (remove the property setting and it will be selected by default)
2025-11-29 12:39:21 INFO  o.hibernate.orm.connections.pooling - HHH10001005: Database info:
	Database JDBC URL [jdbc:postgresql://localhost:5432/real_estate]
	Database driver: PostgreSQL JDBC Driver
	Database dialect: PostgreSQLDialect
	Database version: 15.4
	Default catalog/schema: real_estate/public
	Autocommit mode: undefined/unknown
	Isolation level: READ_COMMITTED [default READ_COMMITTED]
	JDBC fetch size: none
	Pool: DatasourceConnectionProviderImpl
	Minimum pool size: undefined/unknown
	Maximum pool size: undefined/unknown
2025-11-29 12:39:22 INFO  o.h.e.t.j.p.i.JtaPlatformInitiator - HHH000489: No JTA platform available (set 'hibernate.transaction.jta.platform' to enable JTA platform integration)
2025-11-29 12:39:22 INFO  o.s.o.j.LocalContainerEntityManagerFactoryBean - Initialized JPA EntityManagerFactory for persistence unit 'default'
2025-11-29 12:39:22 WARN  o.s.b.j.a.JpaBaseConfiguration$JpaWebConfiguration - spring.jpa.open-in-view is enabled by default. Therefore, database queries may be performed during view rendering. Explicitly configure spring.jpa.open-in-view to disable this warning
2025-11-29 12:39:23 WARN  o.s.b.s.a.UserDetailsServiceAutoConfiguration - 

Using generated security password: 6d03f081-f34f-421a-ab02-4743ee85a9e0

This generated password is for development use only. Your security configuration must be updated before running your application in production.

2025-11-29 12:39:23 INFO  o.s.s.c.a.a.c.InitializeUserDetailsBeanManagerConfigurer$InitializeUserDetailsManagerConfigurer - Global AuthenticationManager configured with UserDetailsService bean with name inMemoryUserDetailsManager
2025-11-29 12:39:23 INFO  o.s.b.a.e.web.EndpointLinksResolver - Exposing 1 endpoint beneath base path '/actuator'
2025-11-29 12:39:24 INFO  o.a.coyote.http11.Http11NioProtocol - Starting ProtocolHandler ["http-nio-8080"]
2025-11-29 12:39:24 WARN  o.s.b.w.s.s.c.AnnotationConfigServletWebServerApplicationContext - Exception encountered during context initialization - cancelling refresh attempt: org.springframework.context.ApplicationContextException: Failed to start bean 'webServerStartStop'
2025-11-29 12:39:24 INFO  o.s.o.j.LocalContainerEntityManagerFactoryBean - Closing JPA EntityManagerFactory for persistence unit 'default'
2025-11-29 12:39:24 INFO  com.zaxxer.hikari.HikariDataSource - HikariPool-1 - Shutdown initiated...
2025-11-29 12:39:24 INFO  com.zaxxer.hikari.HikariDataSource - HikariPool-1 - Shutdown completed.
2025-11-29 12:39:24 INFO  o.s.b.a.l.ConditionEvaluationReportLogger - 

Error starting ApplicationContext. To display the condition evaluation report re-run your application with 'debug' enabled.
2025-11-29 12:39:24 ERROR o.s.b.d.LoggingFailureAnalysisReporter - 

***************************
APPLICATION FAILED TO START
***************************

Description:

Web server failed to start. Port 8080 was already in use.

Action:

Identify and stop the process that's listening on port 8080 or configure this application to listen on another port.

2025-11-29 12:40:21 INFO  c.e.realestate.RealEstateApplication - Starting RealEstateApplication using Java 21.0.2 with PID 19644 (C:\Users\asadb\OldiSotdi\OldiSotdi\build\classes\java\main started by asadb in C:\Users\asadb\OldiSotdi\OldiSotdi)
2025-11-29 12:40:21 INFO  c.e.realestate.RealEstateApplication - No active profile set, falling back to 1 default profile: "default"
2025-11-29 12:40:21 INFO  o.h.validator.internal.util.Version - HV000001: Hibernate Validator 9.0.1.Final
2025-11-29 12:40:22 INFO  o.s.d.r.c.RepositoryConfigurationDelegate - Bootstrapping Spring Data JPA repositories in DEFAULT mode.
2025-11-29 12:40:22 INFO  o.s.d.r.c.RepositoryConfigurationDelegate - Finished Spring Data repository scanning in 22 ms. Found 0 JPA repository interfaces.
2025-11-29 12:40:23 INFO  o.s.boot.tomcat.TomcatWebServer - Tomcat initialized with port 1010 (http)
2025-11-29 12:40:23 INFO  o.a.coyote.http11.Http11NioProtocol - Initializing ProtocolHandler ["http-nio-1010"]
2025-11-29 12:40:23 INFO  o.a.catalina.core.StandardService - Starting service [Tomcat]
2025-11-29 12:40:23 INFO  o.a.catalina.core.StandardEngine - Starting Servlet engine: [Apache Tomcat/11.0.14]
2025-11-29 12:40:23 INFO  o.s.b.w.c.s.WebApplicationContextInitializer - Root WebApplicationContext: initialization completed in 2549 ms
2025-11-29 12:40:24 INFO  o.h.jpa.internal.util.LogHelper - HHH000204: Processing PersistenceUnitInfo [name: default]
2025-11-29 12:40:24 INFO  org.hibernate.Version - HHH000412: Hibernate ORM core version 7.1.8.Final
2025-11-29 12:40:25 INFO  o.s.o.j.p.SpringPersistenceUnitInfo - No LoadTimeWeaver setup: ignoring JPA class transformer
2025-11-29 12:40:25 INFO  com.zaxxer.hikari.HikariDataSource - HikariPool-1 - Starting...
2025-11-29 12:40:25 INFO  com.zaxxer.hikari.pool.HikariPool - HikariPool-1 - Added connection org.postgresql.jdbc.PgConnection@61bf405d
2025-11-29 12:40:25 INFO  com.zaxxer.hikari.HikariDataSource - HikariPool-1 - Start completed.
2025-11-29 12:40:25 WARN  org.hibernate.orm.deprecation - HHH90000025: PostgreSQLDialect does not need to be specified explicitly using 'hibernate.dialect' (remove the property setting and it will be selected by default)
2025-11-29 12:40:25 INFO  o.hibernate.orm.connections.pooling - HHH10001005: Database info:
	Database JDBC URL [jdbc:postgresql://localhost:5432/real_estate]
	Database driver: PostgreSQL JDBC Driver
	Database dialect: PostgreSQLDialect
	Database version: 15.4
	Default catalog/schema: real_estate/public
	Autocommit mode: undefined/unknown
	Isolation level: READ_COMMITTED [default READ_COMMITTED]
	JDBC fetch size: none
	Pool: DatasourceConnectionProviderImpl
	Minimum pool size: undefined/unknown
	Maximum pool size: undefined/unknown
2025-11-29 12:40:26 INFO  o.h.e.t.j.p.i.JtaPlatformInitiator - HHH000489: No JTA platform available (set 'hibernate.transaction.jta.platform' to enable JTA platform integration)
2025-11-29 12:40:26 INFO  o.s.o.j.LocalContainerEntityManagerFactoryBean - Initialized JPA EntityManagerFactory for persistence unit 'default'
2025-11-29 12:40:26 WARN  o.s.b.j.a.JpaBaseConfiguration$JpaWebConfiguration - spring.jpa.open-in-view is enabled by default. Therefore, database queries may be performed during view rendering. Explicitly configure spring.jpa.open-in-view to disable this warning
2025-11-29 12:40:27 WARN  o.s.b.s.a.UserDetailsServiceAutoConfiguration - 

Using generated security password: df894b9c-7337-4e22-8a02-10a4b5b9bbc9

This generated password is for development use only. Your security configuration must be updated before running your application in production.

2025-11-29 12:40:27 INFO  o.s.s.c.a.a.c.InitializeUserDetailsBeanManagerConfigurer$InitializeUserDetailsManagerConfigurer - Global AuthenticationManager configured with UserDetailsService bean with name inMemoryUserDetailsManager
2025-11-29 12:40:28 INFO  o.s.b.a.e.web.EndpointLinksResolver - Exposing 1 endpoint beneath base path '/actuator'
2025-11-29 12:40:28 INFO  o.a.coyote.http11.Http11NioProtocol - Starting ProtocolHandler ["http-nio-1010"]
2025-11-29 12:40:28 INFO  o.s.boot.tomcat.TomcatWebServer - Tomcat started on port 1010 (http) with context path '/'
2025-11-29 12:40:28 INFO  c.e.realestate.RealEstateApplication - Started RealEstateApplication in 8.307 seconds (process running for 9.613)
2025-11-29 12:40:28 INFO  c.e.realestate.RealEstateApplication - 🚀 RealEstate project started successfully
2025-11-29 12:40:28 INFO  o.a.c.c.C.[Tomcat].[localhost].[/] - Initializing Spring DispatcherServlet 'dispatcherServlet'
2025-11-29 12:40:28 INFO  o.s.web.servlet.DispatcherServlet - Initializing Servlet 'dispatcherServlet'
2025-11-29 12:40:28 INFO  o.s.web.servlet.DispatcherServlet - Completed initialization in 3 ms
2025-11-29 12:41:05 INFO  o.s.boot.tomcat.GracefulShutdown - Commencing graceful shutdown. Waiting for active requests to complete
2025-11-29 12:41:05 INFO  o.s.boot.tomcat.GracefulShutdown - Graceful shutdown complete
2025-11-29 12:41:05 INFO  o.s.o.j.LocalContainerEntityManagerFactoryBean - Closing JPA EntityManagerFactory for persistence unit 'default'
2025-11-29 12:41:05 INFO  com.zaxxer.hikari.HikariDataSource - HikariPool-1 - Shutdown initiated...
2025-11-29 12:41:05 INFO  com.zaxxer.hikari.HikariDataSource - HikariPool-1 - Shutdown completed.
2025-11-29 12:41:38 INFO  c.e.realestate.RealEstateApplication - Starting RealEstateApplication using Java 21.0.2 with PID 8532 (C:\Users\asadb\OldiSotdi\OldiSotdi\build\classes\java\main started by asadb in C:\Users\asadb\OldiSotdi\OldiSotdi)
2025-11-29 12:41:38 INFO  c.e.realestate.RealEstateApplication - No active profile set, falling back to 1 default profile: "default"
2025-11-29 12:41:39 INFO  o.h.validator.internal.util.Version - HV000001: Hibernate Validator 9.0.1.Final
2025-11-29 12:41:40 INFO  o.s.d.r.c.RepositoryConfigurationDelegate - Bootstrapping Spring Data JPA repositories in DEFAULT mode.
2025-11-29 12:41:40 INFO  o.s.d.r.c.RepositoryConfigurationDelegate - Finished Spring Data repository scanning in 22 ms. Found 0 JPA repository interfaces.
2025-11-29 12:41:41 INFO  o.s.boot.tomcat.TomcatWebServer - Tomcat initialized with port 1010 (http)
2025-11-29 12:41:41 INFO  o.a.coyote.http11.Http11NioProtocol - Initializing ProtocolHandler ["http-nio-1010"]
2025-11-29 12:41:41 INFO  o.a.catalina.core.StandardService - Starting service [Tomcat]
2025-11-29 12:41:41 INFO  o.a.catalina.core.StandardEngine - Starting Servlet engine: [Apache Tomcat/11.0.14]
2025-11-29 12:41:41 INFO  o.s.b.w.c.s.WebApplicationContextInitializer - Root WebApplicationContext: initialization completed in 2556 ms
2025-11-29 12:41:41 INFO  o.h.jpa.internal.util.LogHelper - HHH000204: Processing PersistenceUnitInfo [name: default]
2025-11-29 12:41:42 INFO  org.hibernate.Version - HHH000412: Hibernate ORM core version 7.1.8.Final
2025-11-29 12:41:43 INFO  o.s.o.j.p.SpringPersistenceUnitInfo - No LoadTimeWeaver setup: ignoring JPA class transformer
2025-11-29 12:41:43 INFO  com.zaxxer.hikari.HikariDataSource - HikariPool-1 - Starting...
2025-11-29 12:41:43 INFO  com.zaxxer.hikari.pool.HikariPool - HikariPool-1 - Added connection org.postgresql.jdbc.PgConnection@32298473
2025-11-29 12:41:43 INFO  com.zaxxer.hikari.HikariDataSource - HikariPool-1 - Start completed.
2025-11-29 12:41:43 WARN  org.hibernate.orm.deprecation - HHH90000025: PostgreSQLDialect does not need to be specified explicitly using 'hibernate.dialect' (remove the property setting and it will be selected by default)
2025-11-29 12:41:43 INFO  o.hibernate.orm.connections.pooling - HHH10001005: Database info:
	Database JDBC URL [jdbc:postgresql://localhost:5432/real_estate]
	Database driver: PostgreSQL JDBC Driver
	Database dialect: PostgreSQLDialect
	Database version: 15.4
	Default catalog/schema: real_estate/public
	Autocommit mode: undefined/unknown
	Isolation level: READ_COMMITTED [default READ_COMMITTED]
	JDBC fetch size: none
	Pool: DatasourceConnectionProviderImpl
	Minimum pool size: undefined/unknown
	Maximum pool size: undefined/unknown
2025-11-29 12:41:44 INFO  o.h.e.t.j.p.i.JtaPlatformInitiator - HHH000489: No JTA platform available (set 'hibernate.transaction.jta.platform' to enable JTA platform integration)
2025-11-29 12:41:44 INFO  o.s.o.j.LocalContainerEntityManagerFactoryBean - Initialized JPA EntityManagerFactory for persistence unit 'default'
2025-11-29 12:41:44 WARN  o.s.b.j.a.JpaBaseConfiguration$JpaWebConfiguration - spring.jpa.open-in-view is enabled by default. Therefore, database queries may be performed during view rendering. Explicitly configure spring.jpa.open-in-view to disable this warning
2025-11-29 12:41:45 WARN  o.s.b.s.a.UserDetailsServiceAutoConfiguration - 

Using generated security password: 0d4b3785-e8be-4b1e-94e2-9e540efacb24

This generated password is for development use only. Your security configuration must be updated before running your application in production.

2025-11-29 12:41:45 INFO  o.s.s.c.a.a.c.InitializeUserDetailsBeanManagerConfigurer$InitializeUserDetailsManagerConfigurer - Global AuthenticationManager configured with UserDetailsService bean with name inMemoryUserDetailsManager
2025-11-29 12:41:45 INFO  o.s.b.a.e.web.EndpointLinksResolver - Exposing 1 endpoint beneath base path '/actuator'
2025-11-29 12:41:46 INFO  o.a.coyote.http11.Http11NioProtocol - Starting ProtocolHandler ["http-nio-1010"]
2025-11-29 12:41:46 INFO  o.s.boot.tomcat.TomcatWebServer - Tomcat started on port 1010 (http) with context path '/'
2025-11-29 12:41:46 INFO  c.e.realestate.RealEstateApplication - Started RealEstateApplication in 8.329 seconds (process running for 9.607)
2025-11-29 12:41:46 INFO  c.e.realestate.RealEstateApplication - 🚀 RealEstate project started successfully
2025-11-29 12:41:46 INFO  o.a.c.c.C.[Tomcat].[localhost].[/] - Initializing Spring DispatcherServlet 'dispatcherServlet'
2025-11-29 12:41:46 INFO  o.s.web.servlet.DispatcherServlet - Initializing Servlet 'dispatcherServlet'
2025-11-29 12:41:46 INFO  o.s.web.servlet.DispatcherServlet - Completed initialization in 2 ms
2025-11-29 12:42:27 WARN  o.s.w.s.h.HandlerMappingIntrospector - Cache miss for REQUEST dispatch to '/api/test' (previous null). Performing CorsConfiguration lookup. This is logged once only at WARN level, and every time at TRACE.
2025-11-29 13:49:12 WARN  com.zaxxer.hikari.pool.HikariPool - HikariPool-1 - Thread starvation or clock leap detected (housekeeper delta=57m22s690ms889µs900ns).
2025-11-29 14:18:01 WARN  com.zaxxer.hikari.pool.HikariPool - HikariPool-1 - Thread starvation or clock leap detected (housekeeper delta=25m48s337ms966µs799ns).
2025-11-29 14:27:19 INFO  o.s.boot.tomcat.GracefulShutdown - Commencing graceful shutdown. Waiting for active requests to complete
2025-11-29 14:27:19 INFO  o.s.boot.tomcat.GracefulShutdown - Graceful shutdown complete
2025-11-29 14:27:19 INFO  o.s.o.j.LocalContainerEntityManagerFactoryBean - Closing JPA EntityManagerFactory for persistence unit 'default'
2025-11-29 14:27:20 INFO  com.zaxxer.hikari.HikariDataSource - HikariPool-1 - Shutdown initiated...
2025-11-29 14:27:20 INFO  com.zaxxer.hikari.HikariDataSource - HikariPool-1 - Shutdown completed.
